.ul
Errore durante l'installazione di Network Information Service (NIS) 
.lr
F1=Guida
.top
`echo "\n \n \n"`
`echo  "$error_string"`
`echo "\n \n"`
`echo "la configurazione di NIS è fallita."` 
.button
Applica
Reimposta
.form
ENTER
.selection
Premere <INVIO> per uscire dall'installazione:
.help
Si è verificato un errore tentando di configurare NIS. La causa
dell'errore potrebbe essere riportata nel file /tmp/nis.config. Una
volta eliminata la cusa dell'errore, riconfigurare NIS come descritto
nel manuale di amministrazione NIS.
.helpinst
Canc=Annulla  F1=Guida  ESC=Fine guida  1=Avanti  2=Indietro
