.ul
Error al instalar el servicio de información de red (NIS) 
.lr
F1=Ayuda
.top
`echo "\n \n \n"`
`echo  "$error_string"`
`echo "\n \n"`
`echo "Falló la configuración de NIS."` 
.button
Aplicar
Redefinir
.form
ENTER
.selection
Pulse 'INTRO' para salir de la instalación:
.help
Se ha producido un error al tratar de configurar NIS.  Es posible que
la causa del error se describa en /tmp/nis.config.  Una vez que haya
arreglada la situación que ha provocado el error, vuelva a configurar
NIS tal y como se describe en el Manual de administración de NIS.
.helpinst
Supr=Cancelar  F1=Ayuda  ESC=Salir de Ayuda   1=Av Pág    2=Re Pág
