#  Opening menu
#ident	"@(#)pkg.ls:ls/ls/C/menu.up.err	1.2"
.ul
Installation du Supplément multilingue
.ur
Avis d'installation non autorisée
.lr
F1=Aide
.top


Le supplément de langue ne peut pas être installé sur un système
antérieur à UnixWare 2. Si vous voulez prendre
avantage des caractéristiques du supplément de langue,
vous devriez passer à UnixWare 2 ou ultérieur.

Cette tentative d'installation est maintenant terminée.
.form
ENTER
.ll
Appuyez sur ENTREE pour continuer, sur F1 pour obtenir de l'aide.
.help


Language Supplement est fondé sur des fonctionnalités qui ne sont pas
présentes sur les systèmes UnixWare antérieurs à la version 2. Par
conséquent, ce programme ne peut être installé sur des versions
antérieures.

.helpinst
Echap=Quitter l'aide Suppr=Annuler F1=Instructions 1=Page suiv. 2=Page préc.
.hhelpinst
Echap=Quitter les instructions Suppr=Annuler 1=Page suiv. 2=Page préc.
Placez le curseur sur "Appliquer" et appuyez sur 'ENTREE' pour
continuer.
.pageno
Page %d de %d
.helpbanner
Aide : installation de LS - Avis d'installation non autorisée
.hhelp_ban
Aide : installation de LS - Instructions d'aide
