.ul
Erreur survenue lors de l'installation de NIS (Network Information Service) 
.lr
F1=Aide
.top
`echo "\n \n \n"`
`echo  "$error_string"`
`echo "\n \n"`
`echo "La configuration de NIS a échoué."` 
.button
Appliquer
Réinitialiser
.form
ENTER
.selection
Appuyez sur 'ENTREE' pour quitter le programme d'installation :
.help
Une erreur est survenue lors de la tentative de configuration de NIS. Il
se peut que la cause de cette erreur soit décrite dans /tmp/nis.config.
Une fois que vous aurez corrigé le problème, reconfigurez NIS comme
indiqué dans le manuel d'administration NIS.
.helpinst
Suppr=Annuler F1=Aide ECHAP=Quitter l'aide 1=Page suiv. 2=Page préc.
