.ul
Fehler bei der Installation des Network Information Service (NIS) 
.lr
F1=Hilfe
.top
`echo "\n \n \n"` 
`echo  "$error_string"` 
`echo "\n \n"` 
`echo "NIS-Konfiguration gescheitert."` 
.button
Anwenden
Zurücksetzen
.form
ENTER
.selection
Drücken Sie 'ENTER', um die Installation zu beenden:
.help
Während der Konfiguration von NIS ist ein Fehler aufgetreten. Die 
Beschreibung der Ursache kann in der Datei /tmp/nis.config enthalten 
sein. Wenn das Problem beseitigt wurde, das den Fehler verursacht hat,
können Sie NIS anhand der Beschreibung im Handbuch der NIS-Verwaltung 
neu konfigurieren.
.helpinst
Entf=Abbrechen  F1=Hilfe  ESC=Hilfe verlassen  1=Vor  2=Zurück
