#  Opening menu
#ident	"@(#)pkg.ls:ls/ls/C/menu.up.err	1.2"
.ul
Instalación de Language Supplement
.ur
Anuncio de instalación incorrecta
.lr
F1=Ayuda
.top


El Suplemento de idiomas no puede instalarse en un sistema
anterior a UnixWare 2. Si desea sacar provechos de 
las características del Suplemento de idiomas, actualice 
el sistema base a UnixWare 2 o posterior.

Este intento de instalación finalizará ahora.
.form
ENTER
.ll
Pulse INTRO o (RETORNO) para continuar, F1 para obtener ayuda.
.help


Language Supplement se fundamenta en una funcionalidad
que no está presente en las versiones anteriores a UnixWare 2.
Por lo tanto no se puede instalar en estas últimas.

.helpinst
Esc=Abandonar Ayuda Supr=Cancelar F1=Instrucciones 1=AvPág 2=RePág
.hhelpinst
Esc=Abandonar instrucciones Supr=Cancelar 1=RePág 2=AvPág
cursor sobre "Aplicar" y luego pulse 'INTRO' para continuar.
.pageno
Página %d de %d
.helpbanner
Ayuda: Instalación de LS: Anuncio de instalación incorrecta
.hhelp_ban
Ayuda: Instalación de LS: Instrucciones de ayuda
