#  Opening menu
#ident	"@(#)pkg.ls:ls/ls/C/menu.up.err	1.2"
.ul
Language Supplement installieren
.ur
Meldung bei unzulässiger Installation
.lr
F1=Hilfe
.top


Der Sprachenanhang kann nicht in einem System vor
UnixWare 2 installiert werden. Wenn Sie die Funktionen des
Spachenanhangs benutzen möchten, sollen Sie Ihr System auf
UnixWare 2 oder höher aktualisieren.

Dieser Installationsversuch kann nicht beendet werden.
.form
ENTER
.ll
Drücken Sie ENTER, um fortzufahren, F1 für Hilfe.
.help


Das Paket Language Supplement benötigt Funktionalitäten, die vor 
UnixWare 2 nicht vorhanden sind. Es kann bei früheren Versionen 
daher nicht installiert werden.

.helpinst
Esc=Hilfe verlassen Entf=Abbrechen F1=Anweisungen 1=Vor 2=Zurück
.hhelpinst
Esc=Anweisungen verlassen Entf=Abbrechen 1=Vor 2=Zurück 
Bewegen Sie den Cursor auf "Anwenden", und drücken Sie 'ENTER', 
um fortzufahren.
.pageno
Seite %d von %d
.helpbanner
Hilfe: LS installieren - Meldung bei unzulässiger Installation
.hhelp_ban
Hilfe: LS installieren - Hilfeanweisungen
