#  Opening menu
#ident	"@(#)pkg.ls:ls/ls/C/menu.up.err	1.2"
.ul
Installazione di Language Supplement
.ur
Installazione non ammessa
.lr
F1=Guida
.top


Il Supplemento della lingua non può essere installato su un sistema 
precedente a UnixWare 2. Se volete utilizzare le funzioni del
Supplemento della lingua dovete aggiornare il sistema sottostante
a UnixWare 2 o versione successiva.

Questo tentativo di installazione viene terminato.
.form
ENTER
.ll
Premere <Invio> per continuare. Premere <F1> per la guida.
.help


Il pacchetto Language Supplement si basa su funzionalità non presenti
prima di UnixWare 2. Pertanto non può essere installato su versioni
precedenti.

.helpinst
ESC=Fine guida  Canc=Annulla  F1=Istruzioni  1=Avanti  2=Indietro
.hhelpinst
Esc=Fine istruzioni Canc=Annulla 1=Avanti 2=Indietro
per proseguire, cursore su "Esegui" e premere 'INVIO'.
.pageno
Pagina %d di %d
.helpbanner
Guida: Installazione LS - Installazione non ammessa
.hhelp_ban
Guida: Installazione LS - Istruzioni di guida
